# JRE version: OpenJDK Runtime Environment (11.0.12+7) (build 11.0.12+7-b1504.28-7817840)
# Java VM: OpenJDK 64-Bit Server VM (11.0.12+7-b1504.28-7817840, mixed mode, tiered, compressed oops, g1 gc, windows-amd64)
Heap:
 garbage-first heap   total 157696K, used 87111K [0x0000000080000000, 0x0000000100000000)
  region size 1024K, 40 young (40960K), 3 survivors (3072K)
 Metaspace       used 62540K, capacity 63988K, committed 64392K, reserved 1105920K
  class space    used 7953K, capacity 8528K, committed 8656K, reserved 1048576K
GC Heap History (18 events):
Event: 0.692 GC heap before
{Heap before GC invocations=0 (full 0):
 garbage-first heap   total 131072K, used 27648K [0x0000000080000000, 0x0000000100000000)
  region size 1024K, 22 young (22528K), 0 survivors (0K)
 Metaspace       used 9611K, capacity 9821K, committed 10112K, reserved 1058816K
  class space    used 990K, capacity 1068K, committed 1152K, reserved 1048576K
}
Event: 0.699 GC heap after
{Heap after GC invocations=1 (full 0):
 garbage-first heap   total 131072K, used 9072K [0x0000000080000000, 0x0000000100000000)
  region size 1024K, 3 young (3072K), 3 survivors (3072K)
 Metaspace       used 9611K, capacity 9821K, committed 10112K, reserved 1058816K
  class space    used 990K, capacity 1068K, committed 1152K, reserved 1048576K
}
Event: 2.335 GC heap before
{Heap before GC invocations=1 (full 0):
 garbage-first heap   total 131072K, used 83824K [0x0000000080000000, 0x0000000100000000)
  region size 1024K, 76 young (77824K), 3 survivors (3072K)
 Metaspace       used 17450K, capacity 17807K, committed 18176K, reserved 1064960K
  class space    used 2059K, capacity 2177K, committed 2304K, reserved 1048576K
}
Event: 2.344 GC heap after
{Heap after GC invocations=2 (full 0):
 garbage-first heap   total 131072K, used 15996K [0x0000000080000000, 0x0000000100000000)
  region size 1024K, 10 young (10240K), 10 survivors (10240K)
 Metaspace       used 17450K, capacity 17807K, committed 18176K, reserved 1064960K
  class space    used 2059K, capacity 2177K, committed 2304K, reserved 1048576K
}
Event: 2.681 GC heap before
{Heap before GC invocations=2 (full 0):
 garbage-first heap   total 131072K, used 47740K [0x0000000080000000, 0x0000000100000000)
  region size 1024K, 42 young (43008K), 10 survivors (10240K)
 Metaspace       used 20768K, capacity 21149K, committed 21296K, reserved 1069056K
  class space    used 2561K, capacity 2716K, committed 2816K, reserved 1048576K
}
Event: 2.688 GC heap after
{Heap after GC invocations=3 (full 0):
 garbage-first heap   total 131072K, used 17351K [0x0000000080000000, 0x0000000100000000)
  region size 1024K, 2 young (2048K), 2 survivors (2048K)
 Metaspace       used 20768K, capacity 21149K, committed 21296K, reserved 1069056K
  class space    used 2561K, capacity 2716K, committed 2816K, reserved 1048576K
}
Event: 3.300 GC heap before
{Heap before GC invocations=4 (full 0):
 garbage-first heap   total 131072K, used 73671K [0x0000000080000000, 0x0000000100000000)
  region size 1024K, 58 young (59392K), 2 survivors (2048K)
 Metaspace       used 26805K, capacity 27361K, committed 27648K, reserved 1073152K
  class space    used 3499K, capacity 3733K, committed 3840K, reserved 1048576K
}
Event: 3.303 GC heap after
{Heap after GC invocations=5 (full 0):
 garbage-first heap   total 131072K, used 19185K [0x0000000080000000, 0x0000000100000000)
  region size 1024K, 4 young (4096K), 4 survivors (4096K)
 Metaspace       used 26805K, capacity 27361K, committed 27648K, reserved 1073152K
  class space    used 3499K, capacity 3733K, committed 3840K, reserved 1048576K
}
Event: 4.040 GC heap before
{Heap before GC invocations=5 (full 0):
 garbage-first heap   total 131072K, used 75505K [0x0000000080000000, 0x0000000100000000)
  region size 1024K, 60 young (61440K), 4 survivors (4096K)
 Metaspace       used 35067K, capacity 35836K, committed 35920K, reserved 1081344K
  class space    used 4560K, capacity 4879K, committed 4944K, reserved 1048576K
}
Event: 4.049 GC heap after
{Heap after GC invocations=6 (full 0):
 garbage-first heap   total 131072K, used 22487K [0x0000000080000000, 0x0000000100000000)
  region size 1024K, 7 young (7168K), 7 survivors (7168K)
 Metaspace       used 35067K, capacity 35836K, committed 35920K, reserved 1081344K
  class space    used 4560K, capacity 4879K, committed 4944K, reserved 1048576K
}
Event: 4.740 GC heap before
{Heap before GC invocations=7 (full 0):
 garbage-first heap   total 131072K, used 90071K [0x0000000080000000, 0x0000000100000000)
  region size 1024K, 71 young (72704K), 7 survivors (7168K)
 Metaspace       used 40017K, capacity 41010K, committed 41168K, reserved 1085440K
  class space    used 5127K, capacity 5468K, committed 5584K, reserved 1048576K
}
Event: 4.748 GC heap after
{Heap after GC invocations=8 (full 0):
 garbage-first heap   total 131072K, used 27734K [0x0000000080000000, 0x0000000100000000)
  region size 1024K, 9 young (9216K), 9 survivors (9216K)
 Metaspace       used 40017K, capacity 41010K, committed 41168K, reserved 1085440K
  class space    used 5127K, capacity 5468K, committed 5584K, reserved 1048576K
}
Event: 5.426 GC heap before
{Heap before GC invocations=8 (full 0):
 garbage-first heap   total 131072K, used 93270K [0x0000000080000000, 0x0000000100000000)
  region size 1024K, 72 young (73728K), 9 survivors (9216K)
 Metaspace       used 45905K, capacity 46976K, committed 47056K, reserved 1089536K
  class space    used 5915K, capacity 6318K, committed 6352K, reserved 1048576K
}
Event: 5.433 GC heap after
{Heap after GC invocations=9 (full 0):
 garbage-first heap   total 157696K, used 29986K [0x0000000080000000, 0x0000000100000000)
  region size 1024K, 3 young (3072K), 3 survivors (3072K)
 Metaspace       used 45905K, capacity 46976K, committed 47056K, reserved 1089536K
  class space    used 5915K, capacity 6318K, committed 6352K, reserved 1048576K
}
Event: 6.643 GC heap before
{Heap before GC invocations=9 (full 0):
 garbage-first heap   total 157696K, used 117026K [0x0000000080000000, 0x0000000100000000)
  region size 1024K, 81 young (82944K), 3 survivors (3072K)
 Metaspace       used 49527K, capacity 50802K, committed 50896K, reserved 1093632K
  class space    used 6347K, capacity 6828K, committed 6864K, reserved 1048576K
}
Event: 6.650 GC heap after
{Heap after GC invocations=10 (full 0):
 garbage-first heap   total 157696K, used 48337K [0x0000000080000000, 0x0000000100000000)
  region size 1024K, 11 young (11264K), 11 survivors (11264K)
 Metaspace       used 49527K, capacity 50802K, committed 50896K, reserved 1093632K
  class space    used 6347K, capacity 6828K, committed 6864K, reserved 1048576K
}
Event: 7.514 GC heap before
{Heap before GC invocations=10 (full 0):
 garbage-first heap   total 157696K, used 110801K [0x0000000080000000, 0x0000000100000000)
  region size 1024K, 73 young (74752K), 11 survivors (11264K)
 Metaspace       used 58614K, capacity 60049K, committed 60296K, reserved 1101824K
  class space    used 7470K, capacity 8008K, committed 8144K, reserved 1048576K
}
Event: 7.534 GC heap after
{Heap after GC invocations=11 (full 0):
 garbage-first heap   total 157696K, used 51271K [0x0000000080000000, 0x0000000100000000)
  region size 1024K, 3 young (3072K), 3 survivors (3072K)
 Metaspace       used 58614K, capacity 60049K, committed 60296K, reserved 1101824K
  class space    used 7470K, capacity 8008K, committed 8144K, reserved 1048576K
}

