# JRE version: OpenJDK Runtime Environment (11.0.12+7) (build 11.0.12+7-b1504.28-7817840)
# Java VM: OpenJDK 64-Bit Server VM (11.0.12+7-b1504.28-7817840, mixed mode, tiered, compressed oops, g1 gc, windows-amd64)
Heap:
 garbage-first heap   total 159744K, used 51607K [0x0000000080000000, 0x0000000100000000)
  region size 1024K, 1 young (1024K), 1 survivors (1024K)
 Metaspace       used 58402K, capacity 59826K, committed 59948K, reserved 1101824K
  class space    used 7444K, capacity 7998K, committed 8064K, reserved 1048576K
GC Heap History (20 events):
Event: 0.873 GC heap after
{Heap after GC invocations=1 (full 0):
 garbage-first heap   total 131072K, used 9327K [0x0000000080000000, 0x0000000100000000)
  region size 1024K, 3 young (3072K), 3 survivors (3072K)
 Metaspace       used 9584K, capacity 9789K, committed 10112K, reserved 1058816K
  class space    used 987K, capacity 1036K, committed 1152K, reserved 1048576K
}
Event: 1.198 GC heap before
{Heap before GC invocations=1 (full 0):
 garbage-first heap   total 131072K, used 27759K [0x0000000080000000, 0x0000000100000000)
  region size 1024K, 21 young (21504K), 3 survivors (3072K)
 Metaspace       used 10779K, capacity 11005K, committed 11264K, reserved 1058816K
  class space    used 1129K, capacity 1207K, committed 1280K, reserved 1048576K
}
Event: 1.201 GC heap after
{Heap after GC invocations=2 (full 0):
 garbage-first heap   total 131072K, used 9920K [0x0000000080000000, 0x0000000100000000)
  region size 1024K, 1 young (1024K), 1 survivors (1024K)
 Metaspace       used 10779K, capacity 11005K, committed 11264K, reserved 1058816K
  class space    used 1129K, capacity 1207K, committed 1280K, reserved 1048576K
}
Event: 2.289 GC heap before
{Heap before GC invocations=2 (full 0):
 garbage-first heap   total 131072K, used 57024K [0x0000000080000000, 0x0000000100000000)
  region size 1024K, 47 young (48128K), 1 survivors (1024K)
 Metaspace       used 15699K, capacity 16021K, committed 16256K, reserved 1062912K
  class space    used 1789K, capacity 1899K, committed 1920K, reserved 1048576K
}
Event: 2.322 GC heap after
{Heap after GC invocations=3 (full 0):
 garbage-first heap   total 131072K, used 16059K [0x0000000080000000, 0x0000000100000000)
  region size 1024K, 6 young (6144K), 6 survivors (6144K)
 Metaspace       used 15699K, capacity 16021K, committed 16256K, reserved 1062912K
  class space    used 1789K, capacity 1899K, committed 1920K, reserved 1048576K
}
Event: 3.470 GC heap before
{Heap before GC invocations=3 (full 0):
 garbage-first heap   total 131072K, used 55995K [0x0000000080000000, 0x0000000100000000)
  region size 1024K, 46 young (47104K), 6 survivors (6144K)
 Metaspace       used 20725K, capacity 21131K, committed 21248K, reserved 1067008K
  class space    used 2544K, capacity 2710K, committed 2816K, reserved 1048576K
}
Event: 3.477 GC heap after
{Heap after GC invocations=4 (full 0):
 garbage-first heap   total 131072K, used 17420K [0x0000000080000000, 0x0000000100000000)
  region size 1024K, 2 young (2048K), 2 survivors (2048K)
 Metaspace       used 20725K, capacity 21131K, committed 21248K, reserved 1067008K
  class space    used 2544K, capacity 2710K, committed 2816K, reserved 1048576K
}
Event: 4.194 GC heap before
{Heap before GC invocations=5 (full 0):
 garbage-first heap   total 131072K, used 70668K [0x0000000080000000, 0x0000000100000000)
  region size 1024K, 54 young (55296K), 2 survivors (2048K)
 Metaspace       used 26310K, capacity 26880K, committed 27008K, reserved 1073152K
  class space    used 3420K, capacity 3613K, committed 3712K, reserved 1048576K
}
Event: 4.200 GC heap after
{Heap after GC invocations=6 (full 0):
 garbage-first heap   total 131072K, used 19325K [0x0000000080000000, 0x0000000100000000)
  region size 1024K, 4 young (4096K), 4 survivors (4096K)
 Metaspace       used 26310K, capacity 26880K, committed 27008K, reserved 1073152K
  class space    used 3420K, capacity 3613K, committed 3712K, reserved 1048576K
}
Event: 5.007 GC heap before
{Heap before GC invocations=6 (full 0):
 garbage-first heap   total 131072K, used 77693K [0x0000000080000000, 0x0000000100000000)
  region size 1024K, 62 young (63488K), 4 survivors (4096K)
 Metaspace       used 34908K, capacity 35719K, committed 35840K, reserved 1081344K
  class space    used 4532K, capacity 4839K, committed 4864K, reserved 1048576K
}
Event: 5.013 GC heap after
{Heap after GC invocations=7 (full 0):
 garbage-first heap   total 131072K, used 22498K [0x0000000080000000, 0x0000000100000000)
  region size 1024K, 7 young (7168K), 7 survivors (7168K)
 Metaspace       used 34908K, capacity 35719K, committed 35840K, reserved 1081344K
  class space    used 4532K, capacity 4839K, committed 4864K, reserved 1048576K
}
Event: 5.632 GC heap before
{Heap before GC invocations=8 (full 0):
 garbage-first heap   total 131072K, used 88034K [0x0000000080000000, 0x0000000100000000)
  region size 1024K, 69 young (70656K), 7 survivors (7168K)
 Metaspace       used 39867K, capacity 40843K, committed 41088K, reserved 1085440K
  class space    used 5109K, capacity 5434K, committed 5504K, reserved 1048576K
}
Event: 5.641 GC heap after
{Heap after GC invocations=9 (full 0):
 garbage-first heap   total 131072K, used 27766K [0x0000000080000000, 0x0000000100000000)
  region size 1024K, 9 young (9216K), 9 survivors (9216K)
 Metaspace       used 39867K, capacity 40843K, committed 41088K, reserved 1085440K
  class space    used 5109K, capacity 5434K, committed 5504K, reserved 1048576K
}
Event: 6.205 GC heap before
{Heap before GC invocations=9 (full 0):
 garbage-first heap   total 131072K, used 91254K [0x0000000080000000, 0x0000000100000000)
  region size 1024K, 71 young (72704K), 9 survivors (9216K)
 Metaspace       used 45594K, capacity 46661K, committed 46848K, reserved 1089536K
  class space    used 5873K, capacity 6278K, committed 6400K, reserved 1048576K
}
Event: 6.212 GC heap after
{Heap after GC invocations=10 (full 0):
 garbage-first heap   total 131072K, used 30033K [0x0000000080000000, 0x0000000100000000)
  region size 1024K, 3 young (3072K), 3 survivors (3072K)
 Metaspace       used 45594K, capacity 46661K, committed 46848K, reserved 1089536K
  class space    used 5873K, capacity 6278K, committed 6400K, reserved 1048576K
}
Event: 7.099 GC heap before
{Heap before GC invocations=10 (full 0):
 garbage-first heap   total 131072K, used 101713K [0x0000000080000000, 0x0000000100000000)
  region size 1024K, 67 young (68608K), 3 survivors (3072K)
 Metaspace       used 48438K, capacity 49650K, committed 49920K, reserved 1093632K
  class space    used 6195K, capacity 6628K, committed 6656K, reserved 1048576K
}
Event: 7.103 GC heap after
{Heap after GC invocations=11 (full 0):
 garbage-first heap   total 131072K, used 44032K [0x0000000080000000, 0x0000000100000000)
  region size 1024K, 9 young (9216K), 9 survivors (9216K)
 Metaspace       used 48438K, capacity 49650K, committed 49920K, reserved 1093632K
  class space    used 6195K, capacity 6628K, committed 6656K, reserved 1048576K
}
Event: 7.919 GC heap before
{Heap before GC invocations=11 (full 0):
 garbage-first heap   total 131072K, used 101376K [0x0000000080000000, 0x0000000100000000)
  region size 1024K, 63 young (64512K), 9 survivors (9216K)
 Metaspace       used 54690K, capacity 56048K, committed 56192K, reserved 1097728K
  class space    used 7015K, capacity 7532K, committed 7552K, reserved 1048576K
}
Event: 7.928 GC heap after
{Heap after GC invocations=12 (full 0):
 garbage-first heap   total 131072K, used 50609K [0x0000000080000000, 0x0000000100000000)
  region size 1024K, 5 young (5120K), 5 survivors (5120K)
 Metaspace       used 54690K, capacity 56048K, committed 56192K, reserved 1097728K
  class space    used 7015K, capacity 7532K, committed 7552K, reserved 1048576K
}
Event: 8.238 GC heap before
{Heap before GC invocations=12 (full 0):
 garbage-first heap   total 131072K, used 74161K [0x0000000080000000, 0x0000000100000000)
  region size 1024K, 29 young (29696K), 5 survivors (5120K)
 Metaspace       used 58402K, capacity 59826K, committed 59948K, reserved 1101824K
  class space    used 7444K, capacity 7998K, committed 8064K, reserved 1048576K
}

