# JRE version: OpenJDK Runtime Environment (11.0.12+7) (build 11.0.12+7-b1504.28-7817840)
# Java VM: OpenJDK 64-Bit Server VM (11.0.12+7-b1504.28-7817840, mixed mode, tiered, compressed oops, g1 gc, windows-amd64)
Heap:
 garbage-first heap   total 376832K, used 250268K [0x0000000080000000, 0x0000000100000000)
  region size 1024K, 40 young (40960K), 3 survivors (3072K)
 Metaspace       used 163610K, capacity 168179K, committed 170496K, reserved 1198080K
  class space    used 19934K, capacity 21581K, committed 22528K, reserved 1048576K
GC Heap History (20 events):
Event: 3311.150 GC heap after
{Heap after GC invocations=177 (full 0):
 garbage-first heap   total 376832K, used 157058K [0x0000000080000000, 0x0000000100000000)
  region size 1024K, 3 young (3072K), 3 survivors (3072K)
 Metaspace       used 147373K, capacity 151213K, committed 152448K, reserved 1181696K
  class space    used 17869K, capacity 19212K, committed 19840K, reserved 1048576K
}
Event: 3313.256 GC heap before
{Heap before GC invocations=178 (full 0):
 garbage-first heap   total 376832K, used 259458K [0x0000000080000000, 0x0000000100000000)
  region size 1024K, 104 young (106496K), 3 survivors (3072K)
 Metaspace       used 148816K, capacity 152659K, committed 153472K, reserved 1183744K
  class space    used 18013K, capacity 19325K, committed 19840K, reserved 1048576K
}
Event: 3313.270 GC heap after
{Heap after GC invocations=179 (full 0):
 garbage-first heap   total 376832K, used 164133K [0x0000000080000000, 0x0000000100000000)
  region size 1024K, 10 young (10240K), 10 survivors (10240K)
 Metaspace       used 148816K, capacity 152659K, committed 153472K, reserved 1183744K
  class space    used 18013K, capacity 19325K, committed 19840K, reserved 1048576K
}
Event: 3313.493 GC heap before
{Heap before GC invocations=179 (full 0):
 garbage-first heap   total 376832K, used 171301K [0x0000000080000000, 0x0000000100000000)
  region size 1024K, 18 young (18432K), 10 survivors (10240K)
 Metaspace       used 148877K, capacity 152726K, committed 153472K, reserved 1183744K
  class space    used 18020K, capacity 19389K, committed 19840K, reserved 1048576K
}
Event: 3313.502 GC heap after
{Heap after GC invocations=180 (full 0):
 garbage-first heap   total 376832K, used 158985K [0x0000000080000000, 0x0000000100000000)
  region size 1024K, 2 young (2048K), 2 survivors (2048K)
 Metaspace       used 148877K, capacity 152726K, committed 153472K, reserved 1183744K
  class space    used 18020K, capacity 19389K, committed 19840K, reserved 1048576K
}
Event: 3314.858 GC heap before
{Heap before GC invocations=180 (full 0):
 garbage-first heap   total 376832K, used 266505K [0x0000000080000000, 0x0000000100000000)
  region size 1024K, 108 young (110592K), 2 survivors (2048K)
 Metaspace       used 162029K, capacity 167311K, committed 167424K, reserved 1193984K
  class space    used 20185K, capacity 22168K, committed 22272K, reserved 1048576K
}
Event: 3314.870 GC heap after
{Heap after GC invocations=181 (full 0):
 garbage-first heap   total 376832K, used 164449K [0x0000000080000000, 0x0000000100000000)
  region size 1024K, 7 young (7168K), 7 survivors (7168K)
 Metaspace       used 162029K, capacity 167311K, committed 167424K, reserved 1193984K
  class space    used 20185K, capacity 22168K, committed 22272K, reserved 1048576K
}
Event: 3315.500 GC heap before
{Heap before GC invocations=182 (full 0):
 garbage-first heap   total 376832K, used 285281K [0x0000000080000000, 0x0000000100000000)
  region size 1024K, 126 young (129024K), 7 survivors (7168K)
 Metaspace       used 163314K, capacity 168735K, committed 168832K, reserved 1196032K
  class space    used 20378K, capacity 22397K, committed 22400K, reserved 1048576K
}
Event: 3315.509 GC heap after
{Heap after GC invocations=183 (full 0):
 garbage-first heap   total 376832K, used 164766K [0x0000000080000000, 0x0000000100000000)
  region size 1024K, 7 young (7168K), 7 survivors (7168K)
 Metaspace       used 163314K, capacity 168735K, committed 168832K, reserved 1196032K
  class space    used 20378K, capacity 22397K, committed 22400K, reserved 1048576K
}
Event: 3315.568 GC heap before
{Heap before GC invocations=183 (full 0):
 garbage-first heap   total 376832K, used 175006K [0x0000000080000000, 0x0000000100000000)
  region size 1024K, 18 young (18432K), 7 survivors (7168K)
 Metaspace       used 163389K, capacity 168860K, committed 169216K, reserved 1196032K
  class space    used 20390K, capacity 22418K, committed 22528K, reserved 1048576K
}
Event: 3315.577 GC heap after
{Heap after GC invocations=184 (full 0):
 garbage-first heap   total 376832K, used 163364K [0x0000000080000000, 0x0000000100000000)
  region size 1024K, 1 young (1024K), 1 survivors (1024K)
 Metaspace       used 163389K, capacity 168860K, committed 169216K, reserved 1196032K
  class space    used 20390K, capacity 22418K, committed 22528K, reserved 1048576K
}
Event: 3316.262 GC heap before
{Heap before GC invocations=184 (full 0):
 garbage-first heap   total 376832K, used 295460K [0x0000000080000000, 0x0000000100000000)
  region size 1024K, 131 young (134144K), 1 survivors (1024K)
 Metaspace       used 164212K, capacity 169648K, committed 169984K, reserved 1196032K
  class space    used 20408K, capacity 22434K, committed 22528K, reserved 1048576K
}
Event: 3316.270 GC heap after
{Heap after GC invocations=185 (full 0):
 garbage-first heap   total 376832K, used 164275K [0x0000000080000000, 0x0000000100000000)
  region size 1024K, 2 young (2048K), 2 survivors (2048K)
 Metaspace       used 164212K, capacity 169648K, committed 169984K, reserved 1196032K
  class space    used 20408K, capacity 22434K, committed 22528K, reserved 1048576K
}
Event: 3316.753 GC heap before
{Heap before GC invocations=186 (full 0):
 garbage-first heap   total 376832K, used 304563K [0x0000000080000000, 0x0000000100000000)
  region size 1024K, 138 young (141312K), 2 survivors (2048K)
 Metaspace       used 163119K, capacity 167671K, committed 170240K, reserved 1198080K
  class space    used 19932K, capacity 21579K, committed 22528K, reserved 1048576K
}
Event: 3316.765 GC heap after
{Heap after GC invocations=187 (full 0):
 garbage-first heap   total 376832K, used 178131K [0x0000000080000000, 0x0000000100000000)
  region size 1024K, 15 young (15360K), 15 survivors (15360K)
 Metaspace       used 163119K, capacity 167671K, committed 170240K, reserved 1198080K
  class space    used 19932K, capacity 21579K, committed 22528K, reserved 1048576K
}
Event: 3316.775 GC heap before
{Heap before GC invocations=187 (full 0):
 garbage-first heap   total 376832K, used 180179K [0x0000000080000000, 0x0000000100000000)
  region size 1024K, 18 young (18432K), 15 survivors (15360K)
 Metaspace       used 163120K, capacity 167671K, committed 170240K, reserved 1198080K
  class space    used 19932K, capacity 21579K, committed 22528K, reserved 1048576K
}
Event: 3316.780 GC heap after
{Heap after GC invocations=188 (full 0):
 garbage-first heap   total 376832K, used 172147K [0x0000000080000000, 0x0000000100000000)
  region size 1024K, 2 young (2048K), 2 survivors (2048K)
 Metaspace       used 163120K, capacity 167671K, committed 170240K, reserved 1198080K
  class space    used 19932K, capacity 21579K, committed 22528K, reserved 1048576K
}
Event: 3316.986 GC heap before
{Heap before GC invocations=188 (full 0):
 garbage-first heap   total 376832K, used 302195K [0x0000000080000000, 0x0000000100000000)
  region size 1024K, 130 young (133120K), 2 survivors (2048K)
 Metaspace       used 163266K, capacity 167818K, committed 170240K, reserved 1198080K
  class space    used 19932K, capacity 21579K, committed 22528K, reserved 1048576K
}
Event: 3317.030 GC heap after
{Heap after GC invocations=189 (full 0):
 garbage-first heap   total 376832K, used 194424K [0x0000000080000000, 0x0000000100000000)
  region size 1024K, 17 young (17408K), 17 survivors (17408K)
 Metaspace       used 163266K, capacity 167818K, committed 170240K, reserved 1198080K
  class space    used 19932K, capacity 21579K, committed 22528K, reserved 1048576K
}
Event: 3317.284 GC heap before
{Heap before GC invocations=190 (full 0):
 garbage-first heap   total 376832K, used 298872K [0x0000000080000000, 0x0000000100000000)
  region size 1024K, 119 young (121856K), 17 survivors (17408K)
 Metaspace       used 163520K, capacity 168103K, committed 170496K, reserved 1198080K
  class space    used 19932K, capacity 21579K, committed 22528K, reserved 1048576K
}

