# JRE version: OpenJDK Runtime Environment (11.0.12+7) (build 11.0.12+7-b1504.28-7817840)
# Java VM: OpenJDK 64-Bit Server VM (11.0.12+7-b1504.28-7817840, mixed mode, tiered, compressed oops, g1 gc, windows-amd64)
Heap:
 garbage-first heap   total 157696K, used 121844K [0x0000000080000000, 0x0000000100000000)
  region size 1024K, 44 young (45056K), 6 survivors (6144K)
 Metaspace       used 92856K, capacity 94976K, committed 95276K, reserved 1132544K
  class space    used 11979K, capacity 12767K, committed 12928K, reserved 1048576K
GC Heap History (20 events):
Event: 9.689 GC heap before
{Heap before GC invocations=15 (full 0):
 garbage-first heap   total 157696K, used 102385K [0x0000000080000000, 0x0000000100000000)
  region size 1024K, 51 young (52224K), 5 survivors (5120K)
 Metaspace       used 67227K, capacity 68713K, committed 69036K, reserved 1110016K
  class space    used 8539K, capacity 9110K, committed 9216K, reserved 1048576K
}
Event: 9.695 GC heap after
{Heap after GC invocations=16 (full 0):
 garbage-first heap   total 157696K, used 57486K [0x0000000080000000, 0x0000000100000000)
  region size 1024K, 3 young (3072K), 3 survivors (3072K)
 Metaspace       used 67227K, capacity 68713K, committed 69036K, reserved 1110016K
  class space    used 8539K, capacity 9110K, committed 9216K, reserved 1048576K
}
Event: 10.126 GC heap before
{Heap before GC invocations=16 (full 0):
 garbage-first heap   total 157696K, used 106638K [0x0000000080000000, 0x0000000100000000)
  region size 1024K, 51 young (52224K), 3 survivors (3072K)
 Metaspace       used 68711K, capacity 70283K, committed 70444K, reserved 1110016K
  class space    used 8708K, capacity 9313K, committed 9344K, reserved 1048576K
}
Event: 10.133 GC heap after
{Heap after GC invocations=17 (full 0):
 garbage-first heap   total 157696K, used 61318K [0x0000000080000000, 0x0000000100000000)
  region size 1024K, 7 young (7168K), 7 survivors (7168K)
 Metaspace       used 68711K, capacity 70283K, committed 70444K, reserved 1110016K
  class space    used 8708K, capacity 9313K, committed 9344K, reserved 1048576K
}
Event: 11.217 GC heap before
{Heap before GC invocations=17 (full 0):
 garbage-first heap   total 157696K, used 110470K [0x0000000080000000, 0x0000000100000000)
  region size 1024K, 55 young (56320K), 7 survivors (7168K)
 Metaspace       used 74049K, capacity 75637K, committed 75692K, reserved 1114112K
  class space    used 9599K, capacity 10236K, committed 10240K, reserved 1048576K
}
Event: 11.224 GC heap after
{Heap after GC invocations=18 (full 0):
 garbage-first heap   total 157696K, used 64503K [0x0000000080000000, 0x0000000100000000)
  region size 1024K, 4 young (4096K), 4 survivors (4096K)
 Metaspace       used 74049K, capacity 75637K, committed 75692K, reserved 1114112K
  class space    used 9599K, capacity 10236K, committed 10240K, reserved 1048576K
}
Event: 12.056 GC heap before
{Heap before GC invocations=18 (full 0):
 garbage-first heap   total 157696K, used 114679K [0x0000000080000000, 0x0000000100000000)
  region size 1024K, 53 young (54272K), 4 survivors (4096K)
 Metaspace       used 78584K, capacity 80322K, committed 80556K, reserved 1118208K
  class space    used 10285K, capacity 10943K, committed 11008K, reserved 1048576K
}
Event: 12.062 GC heap after
{Heap after GC invocations=19 (full 0):
 garbage-first heap   total 157696K, used 66906K [0x0000000080000000, 0x0000000100000000)
  region size 1024K, 6 young (6144K), 6 survivors (6144K)
 Metaspace       used 78584K, capacity 80322K, committed 80556K, reserved 1118208K
  class space    used 10285K, capacity 10943K, committed 11008K, reserved 1048576K
}
Event: 12.882 GC heap before
{Heap before GC invocations=19 (full 0):
 garbage-first heap   total 157696K, used 118106K [0x0000000080000000, 0x0000000100000000)
  region size 1024K, 56 young (57344K), 6 survivors (6144K)
 Metaspace       used 83648K, capacity 85521K, committed 85676K, reserved 1124352K
  class space    used 10956K, capacity 11690K, committed 11776K, reserved 1048576K
}
Event: 12.890 GC heap after
{Heap after GC invocations=20 (full 0):
 garbage-first heap   total 157696K, used 71012K [0x0000000080000000, 0x0000000100000000)
  region size 1024K, 7 young (7168K), 7 survivors (7168K)
 Metaspace       used 83648K, capacity 85521K, committed 85676K, reserved 1124352K
  class space    used 10956K, capacity 11690K, committed 11776K, reserved 1048576K
}
Event: 13.528 GC heap before
{Heap before GC invocations=20 (full 0):
 garbage-first heap   total 157696K, used 120164K [0x0000000080000000, 0x0000000100000000)
  region size 1024K, 56 young (57344K), 7 survivors (7168K)
 Metaspace       used 85209K, capacity 87331K, committed 87468K, reserved 1124352K
  class space    used 11172K, capacity 11984K, committed 12032K, reserved 1048576K
}
Event: 13.538 GC heap after
{Heap after GC invocations=21 (full 0):
 garbage-first heap   total 157696K, used 74818K [0x0000000080000000, 0x0000000100000000)
  region size 1024K, 4 young (4096K), 4 survivors (4096K)
 Metaspace       used 85209K, capacity 87331K, committed 87468K, reserved 1124352K
  class space    used 11172K, capacity 11984K, committed 12032K, reserved 1048576K
}
Event: 14.086 GC heap before
{Heap before GC invocations=21 (full 0):
 garbage-first heap   total 157696K, used 122946K [0x0000000080000000, 0x0000000100000000)
  region size 1024K, 52 young (53248K), 4 survivors (4096K)
 Metaspace       used 85882K, capacity 87992K, committed 88364K, reserved 1126400K
  class space    used 11221K, capacity 12041K, committed 12160K, reserved 1048576K
}
Event: 14.092 GC heap after
{Heap after GC invocations=22 (full 0):
 garbage-first heap   total 157696K, used 77678K [0x0000000080000000, 0x0000000100000000)
  region size 1024K, 7 young (7168K), 7 survivors (7168K)
 Metaspace       used 85882K, capacity 87992K, committed 88364K, reserved 1126400K
  class space    used 11221K, capacity 12041K, committed 12160K, reserved 1048576K
}
Event: 14.856 GC heap before
{Heap before GC invocations=23 (full 0):
 garbage-first heap   total 157696K, used 124782K [0x0000000080000000, 0x0000000100000000)
  region size 1024K, 54 young (55296K), 7 survivors (7168K)
 Metaspace       used 88841K, capacity 91021K, committed 91180K, reserved 1128448K
  class space    used 11529K, capacity 12370K, committed 12416K, reserved 1048576K
}
Event: 14.864 GC heap after
{Heap after GC invocations=24 (full 0):
 garbage-first heap   total 157696K, used 79706K [0x0000000080000000, 0x0000000100000000)
  region size 1024K, 6 young (6144K), 6 survivors (6144K)
 Metaspace       used 88841K, capacity 91021K, committed 91180K, reserved 1128448K
  class space    used 11529K, capacity 12370K, committed 12416K, reserved 1048576K
}
Event: 15.401 GC heap before
{Heap before GC invocations=24 (full 0):
 garbage-first heap   total 157696K, used 126810K [0x0000000080000000, 0x0000000100000000)
  region size 1024K, 53 young (54272K), 6 survivors (6144K)
 Metaspace       used 92179K, capacity 94339K, committed 94380K, reserved 1130496K
  class space    used 11955K, capacity 12772K, committed 12800K, reserved 1048576K
}
Event: 15.408 GC heap after
{Heap after GC invocations=25 (full 0):
 garbage-first heap   total 157696K, used 82602K [0x0000000080000000, 0x0000000100000000)
  region size 1024K, 5 young (5120K), 5 survivors (5120K)
 Metaspace       used 92179K, capacity 94339K, committed 94380K, reserved 1130496K
  class space    used 11955K, capacity 12772K, committed 12800K, reserved 1048576K
}
Event: 15.788 GC heap before
{Heap before GC invocations=26 (full 0):
 garbage-first heap   total 157696K, used 128682K [0x0000000080000000, 0x0000000100000000)
  region size 1024K, 51 young (52224K), 5 survivors (5120K)
 Metaspace       used 92137K, capacity 94191K, committed 94636K, reserved 1130496K
  class space    used 11900K, capacity 12669K, committed 12800K, reserved 1048576K
}
Event: 15.797 GC heap after
{Heap after GC invocations=27 (full 0):
 garbage-first heap   total 157696K, used 84980K [0x0000000080000000, 0x0000000100000000)
  region size 1024K, 6 young (6144K), 6 survivors (6144K)
 Metaspace       used 92137K, capacity 94191K, committed 94636K, reserved 1130496K
  class space    used 11900K, capacity 12669K, committed 12800K, reserved 1048576K
}

