# JRE version: OpenJDK Runtime Environment (11.0.12+7) (build 11.0.12+7-b1504.28-7817840)
# Java VM: OpenJDK 64-Bit Server VM (11.0.12+7-b1504.28-7817840, mixed mode, tiered, compressed oops, g1 gc, windows-amd64)
Heap:
 garbage-first heap   total 189440K, used 135191K [0x0000000080000000, 0x0000000100000000)
  region size 1024K, 39 young (39936K), 5 survivors (5120K)
 Metaspace       used 109325K, capacity 111718K, committed 111916K, reserved 1146880K
  class space    used 13780K, capacity 14683K, committed 14720K, reserved 1048576K
GC Heap History (20 events):
Event: 26.230 GC heap before
{Heap before GC invocations=32 (full 0):
 garbage-first heap   total 157696K, used 104556K [0x0000000080000000, 0x0000000100000000)
  region size 1024K, 7 young (7168K), 3 survivors (3072K)
 Metaspace       used 97075K, capacity 99150K, committed 99372K, reserved 1136640K
  class space    used 12273K, capacity 13061K, committed 13184K, reserved 1048576K
}
Event: 26.235 GC heap after
{Heap after GC invocations=33 (full 0):
 garbage-first heap   total 157696K, used 92422K [0x0000000080000000, 0x0000000100000000)
  region size 1024K, 1 young (1024K), 1 survivors (1024K)
 Metaspace       used 97075K, capacity 99150K, committed 99372K, reserved 1136640K
  class space    used 12273K, capacity 13061K, committed 13184K, reserved 1048576K
}
Event: 26.788 GC heap before
{Heap before GC invocations=33 (full 0):
 garbage-first heap   total 157696K, used 119046K [0x0000000080000000, 0x0000000100000000)
  region size 1024K, 28 young (28672K), 1 survivors (1024K)
 Metaspace       used 98600K, capacity 100688K, committed 100780K, reserved 1136640K
  class space    used 12442K, capacity 13240K, committed 13312K, reserved 1048576K
}
Event: 26.792 GC heap after
{Heap after GC invocations=34 (full 0):
 garbage-first heap   total 157696K, used 95055K [0x0000000080000000, 0x0000000100000000)
  region size 1024K, 4 young (4096K), 4 survivors (4096K)
 Metaspace       used 98600K, capacity 100688K, committed 100780K, reserved 1136640K
  class space    used 12442K, capacity 13240K, committed 13312K, reserved 1048576K
}
Event: 27.205 GC heap before
{Heap before GC invocations=35 (full 0):
 garbage-first heap   total 157696K, used 118607K [0x0000000080000000, 0x0000000100000000)
  region size 1024K, 30 young (30720K), 4 survivors (4096K)
 Metaspace       used 100097K, capacity 102249K, committed 102444K, reserved 1138688K
  class space    used 12629K, capacity 13440K, committed 13440K, reserved 1048576K
}
Event: 27.208 GC heap after
{Heap after GC invocations=36 (full 0):
 garbage-first heap   total 157696K, used 93421K [0x0000000080000000, 0x0000000100000000)
  region size 1024K, 1 young (1024K), 1 survivors (1024K)
 Metaspace       used 100097K, capacity 102249K, committed 102444K, reserved 1138688K
  class space    used 12629K, capacity 13440K, committed 13440K, reserved 1048576K
}
Event: 27.299 GC heap before
{Heap before GC invocations=36 (full 0):
 garbage-first heap   total 157696K, used 98541K [0x0000000080000000, 0x0000000100000000)
  region size 1024K, 7 young (7168K), 1 survivors (1024K)
 Metaspace       used 100544K, capacity 102665K, committed 102828K, reserved 1138688K
  class space    used 12683K, capacity 13472K, committed 13568K, reserved 1048576K
}
Event: 27.301 GC heap after
{Heap after GC invocations=37 (full 0):
 garbage-first heap   total 157696K, used 90898K [0x0000000080000000, 0x0000000100000000)
  region size 1024K, 1 young (1024K), 1 survivors (1024K)
 Metaspace       used 100544K, capacity 102665K, committed 102828K, reserved 1138688K
  class space    used 12683K, capacity 13472K, committed 13568K, reserved 1048576K
}
Event: 27.716 GC heap before
{Heap before GC invocations=37 (full 0):
 garbage-first heap   total 157696K, used 121618K [0x0000000080000000, 0x0000000100000000)
  region size 1024K, 31 young (31744K), 1 survivors (1024K)
 Metaspace       used 102659K, capacity 104777K, committed 104876K, reserved 1140736K
  class space    used 12944K, capacity 13728K, committed 13824K, reserved 1048576K
}
Event: 27.722 GC heap after
{Heap after GC invocations=38 (full 0):
 garbage-first heap   total 157696K, used 92306K [0x0000000080000000, 0x0000000100000000)
  region size 1024K, 2 young (2048K), 2 survivors (2048K)
 Metaspace       used 102659K, capacity 104777K, committed 104876K, reserved 1140736K
  class space    used 12944K, capacity 13728K, committed 13824K, reserved 1048576K
}
Event: 28.161 GC heap before
{Heap before GC invocations=39 (full 0):
 garbage-first heap   total 157696K, used 122002K [0x0000000080000000, 0x0000000100000000)
  region size 1024K, 32 young (32768K), 2 survivors (2048K)
 Metaspace       used 102967K, capacity 105120K, committed 105388K, reserved 1140736K
  class space    used 12966K, capacity 13793K, committed 13824K, reserved 1048576K
}
Event: 28.166 GC heap after
{Heap after GC invocations=40 (full 0):
 garbage-first heap   total 157696K, used 94444K [0x0000000080000000, 0x0000000100000000)
  region size 1024K, 4 young (4096K), 4 survivors (4096K)
 Metaspace       used 102967K, capacity 105120K, committed 105388K, reserved 1140736K
  class space    used 12966K, capacity 13793K, committed 13824K, reserved 1048576K
}
Event: 28.712 GC heap before
{Heap before GC invocations=40 (full 0):
 garbage-first heap   total 157696K, used 124140K [0x0000000080000000, 0x0000000100000000)
  region size 1024K, 34 young (34816K), 4 survivors (4096K)
 Metaspace       used 103055K, capacity 105147K, committed 105388K, reserved 1140736K
  class space    used 12971K, capacity 13798K, committed 13824K, reserved 1048576K
}
Event: 28.721 GC heap after
{Heap after GC invocations=41 (full 0):
 garbage-first heap   total 189440K, used 96300K [0x0000000080000000, 0x0000000100000000)
  region size 1024K, 4 young (4096K), 4 survivors (4096K)
 Metaspace       used 103055K, capacity 105147K, committed 105388K, reserved 1140736K
  class space    used 12971K, capacity 13798K, committed 13824K, reserved 1048576K
}
Event: 32.458 GC heap before
{Heap before GC invocations=41 (full 0):
 garbage-first heap   total 189440K, used 136236K [0x0000000080000000, 0x0000000100000000)
  region size 1024K, 44 young (45056K), 4 survivors (4096K)
 Metaspace       used 103755K, capacity 105902K, committed 106028K, reserved 1140736K
  class space    used 13047K, capacity 13866K, committed 13952K, reserved 1048576K
}
Event: 32.465 GC heap after
{Heap after GC invocations=42 (full 0):
 garbage-first heap   total 189440K, used 100555K [0x0000000080000000, 0x0000000100000000)
  region size 1024K, 6 young (6144K), 6 survivors (6144K)
 Metaspace       used 103755K, capacity 105902K, committed 106028K, reserved 1140736K
  class space    used 13047K, capacity 13866K, committed 13952K, reserved 1048576K
}
Event: 35.112 GC heap before
{Heap before GC invocations=42 (full 0):
 garbage-first heap   total 189440K, used 140491K [0x0000000080000000, 0x0000000100000000)
  region size 1024K, 46 young (47104K), 6 survivors (6144K)
 Metaspace       used 104492K, capacity 106679K, committed 106796K, reserved 1142784K
  class space    used 13131K, capacity 13933K, committed 13952K, reserved 1048576K
}
Event: 35.116 GC heap after
{Heap after GC invocations=43 (full 0):
 garbage-first heap   total 189440K, used 99716K [0x0000000080000000, 0x0000000100000000)
  region size 1024K, 2 young (2048K), 2 survivors (2048K)
 Metaspace       used 104492K, capacity 106679K, committed 106796K, reserved 1142784K
  class space    used 13131K, capacity 13933K, committed 13952K, reserved 1048576K
}
Event: 36.323 GC heap before
{Heap before GC invocations=43 (full 0):
 garbage-first heap   total 189440K, used 142724K [0x0000000080000000, 0x0000000100000000)
  region size 1024K, 44 young (45056K), 2 survivors (2048K)
 Metaspace       used 106859K, capacity 109121K, committed 109228K, reserved 1144832K
  class space    used 13405K, capacity 14272K, committed 14336K, reserved 1048576K
}
Event: 36.326 GC heap after
{Heap after GC invocations=44 (full 0):
 garbage-first heap   total 189440K, used 102423K [0x0000000080000000, 0x0000000100000000)
  region size 1024K, 5 young (5120K), 5 survivors (5120K)
 Metaspace       used 106859K, capacity 109121K, committed 109228K, reserved 1144832K
  class space    used 13405K, capacity 14272K, committed 14336K, reserved 1048576K
}

